<?xml version="1.0" encoding="UTF-8"?>
<robot generator="Robot 7.2.2 (Python 3.12.8 on win32)" generated="2025-03-07T20:40:44.280018" rpa="false" schemaversion="5">
<suite id="s1" name="Web04" source="C:\Users\alexander.j.sanchez\autome01\Web04.robot">
<test id="s1-t1" name="Login to saucedemo" line="5">
<kw name="Open Browser" owner="SeleniumLibrary">
<msg time="2025-03-07T20:40:44.716169" level="INFO">Opening browser 'chrome' to base url 'https://www.saucedemo.com/'.</msg>
<arg>https://www.saucedemo.com/</arg>
<arg>chrome</arg>
<doc>Opens a new browser instance to the optional ``url``.</doc>
<status status="PASS" start="2025-03-07T20:40:44.716169" elapsed="3.680362"/>
</kw>
<kw name="Maximize Browser Window" owner="SeleniumLibrary">
<doc>Maximizes current browser window.</doc>
<status status="PASS" start="2025-03-07T20:40:48.396531" elapsed="0.043809"/>
</kw>
<kw name="Sleep" owner="BuiltIn">
<msg time="2025-03-07T20:40:53.441905" level="INFO">Slept 5 seconds.</msg>
<arg>5</arg>
<doc>Pauses the test executed for the given time.</doc>
<status status="PASS" start="2025-03-07T20:40:48.441482" elapsed="5.000423"/>
</kw>
<kw name="Input Text" owner="SeleniumLibrary">
<msg time="2025-03-07T20:40:53.442413" level="INFO">Typing text 'standard_user' into text field 'xpath=//*[@id="user-name"]'.</msg>
<arg>xpath=//*[@id="user-name"]</arg>
<arg>standard_user</arg>
<doc>Types the given ``text`` into the text field identified by ``locator``.</doc>
<status status="PASS" start="2025-03-07T20:40:53.442413" elapsed="0.107054"/>
</kw>
<kw name="Input Text" owner="SeleniumLibrary">
<msg time="2025-03-07T20:40:53.549972" level="INFO">Typing text 'secret_sauce' into text field 'xpath=//*[@id="password"]'.</msg>
<arg>xpath=//*[@id="password"]</arg>
<arg>secret_sauce</arg>
<doc>Types the given ``text`` into the text field identified by ``locator``.</doc>
<status status="PASS" start="2025-03-07T20:40:53.549972" elapsed="0.051480"/>
</kw>
<kw name="Click Element" owner="SeleniumLibrary">
<msg time="2025-03-07T20:40:53.601452" level="INFO">Clicking element 'xpath=//*[@id="login-button"]'.</msg>
<arg>xpath=//*[@id="login-button"]</arg>
<doc>Click the element identified by ``locator``.</doc>
<status status="PASS" start="2025-03-07T20:40:53.601452" elapsed="0.074664"/>
</kw>
<kw name="Wait Until Element Is Visible" owner="SeleniumLibrary">
<arg>xpath=//*[@id="add-to-cart-sauce-labs-backpack"]</arg>
<arg>timeout=10s</arg>
<doc>Waits until the element ``locator`` is visible.</doc>
<status status="PASS" start="2025-03-07T20:40:53.676624" elapsed="0.041060"/>
</kw>
<kw name="Click Element" owner="SeleniumLibrary">
<msg time="2025-03-07T20:40:53.718691" level="INFO">Clicking element 'xpath=//button[@data-test="add-to-cart-sauce-labs-backpack"]'.</msg>
<arg>xpath=//button[@data-test="add-to-cart-sauce-labs-backpack"]</arg>
<doc>Click the element identified by ``locator``.</doc>
<status status="PASS" start="2025-03-07T20:40:53.717684" elapsed="0.043896"/>
</kw>
<kw name="Click Element" owner="SeleniumLibrary">
<msg time="2025-03-07T20:40:53.763117" level="INFO">Clicking element 'xpath=//*[@id="shopping_cart_container"]/a'.</msg>
<arg>xpath=//*[@id="shopping_cart_container"]/a</arg>
<doc>Click the element identified by ``locator``.</doc>
<status status="PASS" start="2025-03-07T20:40:53.763117" elapsed="0.049647"/>
</kw>
<kw name="Sleep" owner="BuiltIn">
<msg time="2025-03-07T20:41:03.813565" level="INFO">Slept 10 seconds.</msg>
<arg>10</arg>
<doc>Pauses the test executed for the given time.</doc>
<status status="PASS" start="2025-03-07T20:40:53.813272" elapsed="10.000293"/>
</kw>
<kw name="Close Browser" owner="SeleniumLibrary">
<doc>Closes the current browser.</doc>
<status status="PASS" start="2025-03-07T20:41:03.814073" elapsed="3.705267"/>
</kw>
<status status="PASS" start="2025-03-07T20:40:44.715164" elapsed="22.804176"/>
</test>
<status status="PASS" start="2025-03-07T20:40:44.290376" elapsed="23.232256"/>
</suite>
<statistics>
<total>
<stat pass="1" fail="0" skip="0">All Tests</stat>
</total>
<tag>
</tag>
<suite>
<stat name="Web04" id="s1" pass="1" fail="0" skip="0">Web04</stat>
</suite>
</statistics>
<errors>
</errors>
</robot>
