<?xml version="1.0" encoding="UTF-8"?>
<robot generator="Robot 7.2.2 (Python 3.12.8 on win32)" generated="2025-03-08T20:21:19.686000" rpa="false" schemaversion="5">
<suite id="s1" name="Autome01" source="C:\Users\alexander.j.sanchez\autome01">
<suite id="s1-s1" name="Web04" source="C:\Users\alexander.j.sanchez\autome01\Web04.robot">
<test id="s1-s1-t1" name="Login to saucedemo" line="5">
<kw name="Open Browser" owner="SeleniumLibrary">
<msg time="2025-03-08T20:21:20.089312" level="INFO">Opening browser 'chrome' to base url 'https://www.saucedemo.com/'.</msg>
<arg>https://www.saucedemo.com/</arg>
<arg>chrome</arg>
<doc>Opens a new browser instance to the optional ``url``.</doc>
<status status="PASS" start="2025-03-08T20:21:20.089312" elapsed="3.788174"/>
</kw>
<kw name="Maximize Browser Window" owner="SeleniumLibrary">
<doc>Maximizes current browser window.</doc>
<status status="PASS" start="2025-03-08T20:21:23.877993" elapsed="0.032568"/>
</kw>
<kw name="Sleep" owner="BuiltIn">
<msg time="2025-03-08T20:21:28.911609" level="INFO">Slept 5 seconds.</msg>
<arg>5</arg>
<doc>Pauses the test executed for the given time.</doc>
<status status="PASS" start="2025-03-08T20:21:23.911069" elapsed="5.000540"/>
</kw>
<kw name="Input Text" owner="SeleniumLibrary">
<msg time="2025-03-08T20:21:28.914141" level="INFO">Typing text 'standard_user' into text field 'xpath=//*[@id="user-name"]'.</msg>
<arg>xpath=//*[@id="user-name"]</arg>
<arg>standard_user</arg>
<doc>Types the given ``text`` into the text field identified by ``locator``.</doc>
<status status="PASS" start="2025-03-08T20:21:28.913130" elapsed="0.092720"/>
</kw>
<kw name="Input Text" owner="SeleniumLibrary">
<msg time="2025-03-08T20:21:29.005850" level="INFO">Typing text 'secret_sauce' into text field 'xpath=//*[@id="password"]'.</msg>
<arg>xpath=//*[@id="password"]</arg>
<arg>secret_sauce</arg>
<doc>Types the given ``text`` into the text field identified by ``locator``.</doc>
<status status="PASS" start="2025-03-08T20:21:29.005850" elapsed="0.055007"/>
</kw>
<kw name="Click Element" owner="SeleniumLibrary">
<msg time="2025-03-08T20:21:29.061861" level="INFO">Clicking element 'xpath=//*[@id="login-button"]'.</msg>
<arg>xpath=//*[@id="login-button"]</arg>
<doc>Click the element identified by ``locator``.</doc>
<status status="PASS" start="2025-03-08T20:21:29.060857" elapsed="0.075129"/>
</kw>
<kw name="Wait Until Element Is Visible" owner="SeleniumLibrary">
<arg>xpath=//*[@id="add-to-cart-sauce-labs-backpack"]</arg>
<arg>timeout=10s</arg>
<doc>Waits until the element ``locator`` is visible.</doc>
<status status="PASS" start="2025-03-08T20:21:29.135986" elapsed="0.020386"/>
</kw>
<kw name="Click Element" owner="SeleniumLibrary">
<msg time="2025-03-08T20:21:29.156372" level="INFO">Clicking element 'xpath=//button[@data-test="add-to-cart-sauce-labs-backpack"]'.</msg>
<arg>xpath=//button[@data-test="add-to-cart-sauce-labs-backpack"]</arg>
<doc>Click the element identified by ``locator``.</doc>
<status status="PASS" start="2025-03-08T20:21:29.156372" elapsed="0.055267"/>
</kw>
<kw name="Click Element" owner="SeleniumLibrary">
<msg time="2025-03-08T20:21:29.212647" level="INFO">Clicking element 'xpath=//*[@id="shopping_cart_container"]/a/span'.</msg>
<arg>xpath=//*[@id="shopping_cart_container"]/a/span</arg>
<doc>Click the element identified by ``locator``.</doc>
<status status="PASS" start="2025-03-08T20:21:29.211639" elapsed="0.051896"/>
</kw>
<kw name="Sleep" owner="BuiltIn">
<msg time="2025-03-08T20:21:34.265245" level="INFO">Slept 5 seconds.</msg>
<arg>5</arg>
<doc>Pauses the test executed for the given time.</doc>
<status status="PASS" start="2025-03-08T20:21:29.265090" elapsed="5.000155"/>
</kw>
<kw name="Click Element" owner="SeleniumLibrary">
<msg time="2025-03-08T20:21:34.266755" level="INFO">Clicking element 'xpath=//button[@id="continue-shopping"]'.</msg>
<arg>xpath=//button[@id="continue-shopping"]</arg>
<doc>Click the element identified by ``locator``.</doc>
<status status="PASS" start="2025-03-08T20:21:34.265245" elapsed="0.094487"/>
</kw>
<kw name="Sleep" owner="BuiltIn">
<msg time="2025-03-08T20:21:44.360345" level="INFO">Slept 10 seconds.</msg>
<arg>10</arg>
<doc>Pauses the test executed for the given time.</doc>
<status status="PASS" start="2025-03-08T20:21:34.359732" elapsed="10.001624"/>
</kw>
<kw name="Close Browser" owner="SeleniumLibrary">
<doc>Closes the current browser.</doc>
<status status="PASS" start="2025-03-08T20:21:44.361866" elapsed="3.683497"/>
</kw>
<status status="PASS" start="2025-03-08T20:21:20.087753" elapsed="27.957610"/>
</test>
<status status="PASS" start="2025-03-08T20:21:19.723093" elapsed="28.323795"/>
</suite>
<status status="PASS" start="2025-03-08T20:21:19.697796" elapsed="28.352200"/>
</suite>
<statistics>
<total>
<stat pass="1" fail="0" skip="0">All Tests</stat>
</total>
<tag>
</tag>
<suite>
<stat name="Autome01" id="s1" pass="1" fail="0" skip="0">Autome01</stat>
<stat name="Web04" id="s1-s1" pass="1" fail="0" skip="0">Autome01.Web04</stat>
</suite>
</statistics>
<errors>
</errors>
</robot>
